have_struct_member: checking for rb_method_entry_t.called_id in method.h... -------------------- no

"xcrun clang -o conftest -I/System/Library/Frameworks/Ruby.framework/Versions/2.0/usr/include/ruby-2.0.0/universal-darwin14 -I/System/Library/Frameworks/Ruby.framework/Versions/2.0/usr/include/ruby-2.0.0/ruby/backward -I/System/Library/Frameworks/Ruby.framework/Versions/2.0/usr/include/ruby-2.0.0 -I. -D_XOPEN_SOURCE -D_DARWIN_C_SOURCE -D_DARWIN_UNLIMITED_SELECT -D_REENTRANT    -g -Os -pipe -DHAVE_GCC_SYNC_BUILTINS conftest.c  -L. -L/System/Library/Frameworks/Ruby.framework/Versions/2.0/usr/lib -L. -L/usr/local/lib   -arch x86_64 -arch i386   -lruby.2.0.0  -lpthread -ldl -lobjc "
/System/Library/Frameworks/Ruby.framework/Versions/2.0/usr/lib/ruby/2.0.0/mkmf.rb:373: warning: Insecure world writable dir /usr/local/bin in PATH, mode 040777
checked program was:
/* begin */
1: #include "ruby.h"
2: 
3: int main(int argc, char **argv)
4: {
5:   return 0;
6: }
/* end */

"xcrun clang -I/System/Library/Frameworks/Ruby.framework/Versions/2.0/usr/include/ruby-2.0.0/universal-darwin14 -I/System/Library/Frameworks/Ruby.framework/Versions/2.0/usr/include/ruby-2.0.0/ruby/backward -I/System/Library/Frameworks/Ruby.framework/Versions/2.0/usr/include/ruby-2.0.0 -I. -D_XOPEN_SOURCE -D_DARWIN_C_SOURCE -D_DARWIN_UNLIMITED_SELECT -D_REENTRANT    -g -Os -pipe -DHAVE_GCC_SYNC_BUILTINS  -arch x86_64 -arch i386  -c conftest.c"
conftest.c:3:10: fatal error: 'method.h' file not found
#include <method.h>
         ^
1 error generated.
checked program was:
/* begin */
 1: #include "ruby.h"
 2: 
 3: #include <method.h>
 4: 
 5: /*top*/
 6: int s = (char *)&((rb_method_entry_t*)0)->called_id - (char *)0;
 7: int main(int argc, char **argv)
 8: {
 9:   if (argc > 1000000) {
10:     printf("%p", &s);
11:   }
12: 
13:   return 0;
14: }
/* end */

--------------------

have_struct_member: checking for rb_control_frame_t.method_id in method.h... -------------------- no

"xcrun clang -I/System/Library/Frameworks/Ruby.framework/Versions/2.0/usr/include/ruby-2.0.0/universal-darwin14 -I/System/Library/Frameworks/Ruby.framework/Versions/2.0/usr/include/ruby-2.0.0/ruby/backward -I/System/Library/Frameworks/Ruby.framework/Versions/2.0/usr/include/ruby-2.0.0 -I. -D_XOPEN_SOURCE -D_DARWIN_C_SOURCE -D_DARWIN_UNLIMITED_SELECT -D_REENTRANT    -g -Os -pipe -DHAVE_GCC_SYNC_BUILTINS  -arch x86_64 -arch i386  -c conftest.c"
conftest.c:3:10: fatal error: 'method.h' file not found
#include <method.h>
         ^
1 error generated.
checked program was:
/* begin */
 1: #include "ruby.h"
 2: 
 3: #include <method.h>
 4: 
 5: /*top*/
 6: int s = (char *)&((rb_control_frame_t*)0)->method_id - (char *)0;
 7: int main(int argc, char **argv)
 8: {
 9:   if (argc > 1000000) {
10:     printf("%p", &s);
11:   }
12: 
13:   return 0;
14: }
/* end */

--------------------

have_struct_member: checking for rb_method_entry_t.called_id in method.h... -------------------- no

"xcrun clang -I/System/Library/Frameworks/Ruby.framework/Versions/2.0/usr/include/ruby-2.0.0/universal-darwin14 -I/System/Library/Frameworks/Ruby.framework/Versions/2.0/usr/include/ruby-2.0.0/ruby/backward -I/System/Library/Frameworks/Ruby.framework/Versions/2.0/usr/include/ruby-2.0.0 -I. -I/System/Library/Frameworks/Ruby.framework/Versions/2.0/usr/include/ruby-2.0.0/ruby-2.0.0-p481  -g -Os -pipe -DHAVE_GCC_SYNC_BUILTINS  -arch x86_64 -arch i386  -c conftest.c"
conftest.c:3:10: fatal error: 'method.h' file not found
#include <method.h>
         ^
1 error generated.
checked program was:
/* begin */
 1: #include "ruby.h"
 2: 
 3: #include <method.h>
 4: 
 5: /*top*/
 6: int s = (char *)&((rb_method_entry_t*)0)->called_id - (char *)0;
 7: int main(int argc, char **argv)
 8: {
 9:   if (argc > 1000000) {
10:     printf("%p", &s);
11:   }
12: 
13:   return 0;
14: }
/* end */

--------------------

have_struct_member: checking for rb_control_frame_t.method_id in method.h... -------------------- no

"xcrun clang -I/System/Library/Frameworks/Ruby.framework/Versions/2.0/usr/include/ruby-2.0.0/universal-darwin14 -I/System/Library/Frameworks/Ruby.framework/Versions/2.0/usr/include/ruby-2.0.0/ruby/backward -I/System/Library/Frameworks/Ruby.framework/Versions/2.0/usr/include/ruby-2.0.0 -I. -I/System/Library/Frameworks/Ruby.framework/Versions/2.0/usr/include/ruby-2.0.0/ruby-2.0.0-p481  -g -Os -pipe -DHAVE_GCC_SYNC_BUILTINS  -arch x86_64 -arch i386  -c conftest.c"
conftest.c:3:10: fatal error: 'method.h' file not found
#include <method.h>
         ^
1 error generated.
checked program was:
/* begin */
 1: #include "ruby.h"
 2: 
 3: #include <method.h>
 4: 
 5: /*top*/
 6: int s = (char *)&((rb_control_frame_t*)0)->method_id - (char *)0;
 7: int main(int argc, char **argv)
 8: {
 9:   if (argc > 1000000) {
10:     printf("%p", &s);
11:   }
12: 
13:   return 0;
14: }
/* end */

--------------------

have_struct_member: checking for rb_method_entry_t.called_id in method.h... -------------------- no

"xcrun clang -I/System/Library/Frameworks/Ruby.framework/Versions/2.0/usr/include/ruby-2.0.0/universal-darwin14 -I/System/Library/Frameworks/Ruby.framework/Versions/2.0/usr/include/ruby-2.0.0/ruby/backward -I/System/Library/Frameworks/Ruby.framework/Versions/2.0/usr/include/ruby-2.0.0 -I. -I/sumit_madan/workspace/Ruby On Rails/salsa/vendor/bundle/ruby/2.0.0/gems/debugger-ruby_core_source-1.3.5/lib/debugger/ruby_core_source/ruby-2.0.0-p481  -g -Os -pipe -DHAVE_GCC_SYNC_BUILTINS  -arch x86_64 -arch i386  -c conftest.c"
clang: error: no such file or directory: 'On'
clang: error: no such file or directory: 'Rails/salsa/vendor/bundle/ruby/2.0.0/gems/debugger-ruby_core_source-1.3.5/lib/debugger/ruby_core_source/ruby-2.0.0-p481'
checked program was:
/* begin */
 1: #include "ruby.h"
 2: 
 3: #include <method.h>
 4: 
 5: /*top*/
 6: int s = (char *)&((rb_method_entry_t*)0)->called_id - (char *)0;
 7: int main(int argc, char **argv)
 8: {
 9:   if (argc > 1000000) {
10:     printf("%p", &s);
11:   }
12: 
13:   return 0;
14: }
/* end */

--------------------

have_struct_member: checking for rb_control_frame_t.method_id in method.h... -------------------- no

"xcrun clang -I/System/Library/Frameworks/Ruby.framework/Versions/2.0/usr/include/ruby-2.0.0/universal-darwin14 -I/System/Library/Frameworks/Ruby.framework/Versions/2.0/usr/include/ruby-2.0.0/ruby/backward -I/System/Library/Frameworks/Ruby.framework/Versions/2.0/usr/include/ruby-2.0.0 -I. -I/sumit_madan/workspace/Ruby On Rails/salsa/vendor/bundle/ruby/2.0.0/gems/debugger-ruby_core_source-1.3.5/lib/debugger/ruby_core_source/ruby-2.0.0-p481  -g -Os -pipe -DHAVE_GCC_SYNC_BUILTINS  -arch x86_64 -arch i386  -c conftest.c"
clang: error: no such file or directory: 'On'
clang: error: no such file or directory: 'Rails/salsa/vendor/bundle/ruby/2.0.0/gems/debugger-ruby_core_source-1.3.5/lib/debugger/ruby_core_source/ruby-2.0.0-p481'
checked program was:
/* begin */
 1: #include "ruby.h"
 2: 
 3: #include <method.h>
 4: 
 5: /*top*/
 6: int s = (char *)&((rb_control_frame_t*)0)->method_id - (char *)0;
 7: int main(int argc, char **argv)
 8: {
 9:   if (argc > 1000000) {
10:     printf("%p", &s);
11:   }
12: 
13:   return 0;
14: }
/* end */

--------------------

